<?xml version="1.0" encoding="UTF-8"?>
<!-- Generated by org.testng.reporters.JUnitXMLReporter -->
<testsuite ignored="0" hostname="LAPTOP-B2FPDU28" failures="2" tests="20" name="Test" time="151.734" errors="0" timestamp="2022-04-04T17:55:03 IST">
  <testcase classname="coupons.TbSelectCoupons" name="getProductId" time="7.208"/>
  <testcase classname="coupons.TbSelectCoupons" name="checkUseLimit" time="19.932"/>
  <testcase classname="coupons.TbSelectCoupons" name="checkPercentDiscountCoupon" time="20.249"/>
  <testcase classname="coupons.TbSelectCoupons" name="checkCashDiscountCoupon" time="20.253"/>
  <testcase classname="coupons.TbSelectCoupons" name="fullDiscountCoupon" time="17.641"/>
  <testcase classname="coupons.TbSelectCoupons" name="checkGlobalOrDynamicCoupon" time="60.331">
    <failure type="java.lang.AssertionError" message="The following asserts failed:
	623ab87c7e911983460c1ffb expected [1799] but found [1260],
	623f1ef7f88870597a27f033 expected [399] but found [314],
	623d8994950b49ad99a3c703 expected [399] but found [314]">
      <![CDATA[java.lang.AssertionError: The following asserts failed:
623ab87c7e911983460c1ffb expected [1799] but found [1260],
623f1ef7f88870597a27f033 expected [399] but found [314],
623d8994950b49ad99a3c703 expected [399] but found [314]
at coupons.TbSelectCoupons.checkGlobalOrDynamicCoupon(TbSelectCoupons.java:273)
at java.base/java.util.ArrayList.forEach(ArrayList.java:1541)
... Removed 29 stack frames]]>
    </failure>
  </testcase> <!-- checkGlobalOrDynamicCoupon -->
  <testcase classname="coupons.TbPassCoupons" name="checkPercentDiscountOnMonthlyPass" time="0.252"/>
  <testcase classname="coupons.TbPassCoupons" name="checkPercentDiscountCoupon" time="0.269"/>
  <testcase classname="coupons.TbPassCoupons" name="cashDiscountCoupon" time="0.299"/>
  <testcase classname="coupons.TbPassCoupons" name="fullDiscountCoupon" time="0.29"/>
  <testcase classname="coupons.TbPassCoupons" name="checkMinValue" time="0.3"/>
  <testcase classname="coupons.TbPassCoupons" name="checkUseLimit" time="0.317"/>
  <testcase classname="coupons.TbPassCoupons" name="checkGlobalCoupon" time="0.791"/>
  <testcase classname="courses.SkillAcademy" name="getProductId" time="0.303"/>
  <testcase classname="courses.SkillAcademy" name="checkPaymentPartnerWithEmi" time="0.792">
    <failure type="java.lang.NullPointerException">
      <![CDATA[java.lang.NullPointerException
at courses.SkillAcademy.checkPaymentPartnerWithEmi(SkillAcademy.java:54)
at java.base/java.util.ArrayList.forEach(ArrayList.java:1541)
... Removed 27 stack frames]]>
    </failure>
  </testcase> <!-- checkPaymentPartnerWithEmi -->
  <testcase classname="scholarship_tests.TestScholarship" name="getScholarshipTests" time="0.234"/>
  <testcase classname="scholarship_tests.TestScholarship" name="scholarshipTestAvailable" time="0.01"/>
  <testcase classname="scholarship_tests.TestScholarship" name="scholarshipTestStatusCode" time="0.875"/>
  <testcase classname="scholarship_tests.TestScholarship" name="scholarshipTestSuccess" time="0.241"/>
  <testcase classname="scholarship_tests.TestScholarship" name="CheckSlugIsNotNull" time="0.02"/>
</testsuite> <!-- Test -->
