<html>
<head>
<title>TestNG:  Test</title>
<link href="../testng.css" rel="stylesheet" type="text/css" />
<link href="../my-testng.css" rel="stylesheet" type="text/css" />

<style type="text/css">
.log { display: none;} 
.stack-trace { display: none;} 
</style>
<script type="text/javascript">
<!--
function flip(e) {
  current = e.style.display;
  if (current == 'block') {
    e.style.display = 'none';
    return 0;
  }
  else {
    e.style.display = 'block';
    return 1;
  }
}

function toggleBox(szDivId, elem, msg1, msg2)
{
  var res = -1;  if (document.getElementById) {
    res = flip(document.getElementById(szDivId));
  }
  else if (document.all) {
    // this is the way old msie versions work
    res = flip(document.all[szDivId]);
  }
  if(elem) {
    if(res == 0) elem.innerHTML = msg1; else elem.innerHTML = msg2;
  }

}

function toggleAllBoxes() {
  if (document.getElementsByTagName) {
    d = document.getElementsByTagName('div');
    for (i = 0; i < d.length; i++) {
      if (d[i].className == 'log') {
        flip(d[i]);
      }
    }
  }
}

// -->
</script>

</head>
<body>
<h2 align='center'>Test</h2><table border='1' align="center">
<tr>
<td>Tests passed/Failed/Skipped:</td><td>18/2/0</td>
</tr><tr>
<td>Started on:</td><td>Mon Apr 04 17:52:31 IST 2022</td>
</tr>
<tr><td>Total time:</td><td>151 seconds (151734 ms)</td>
</tr><tr>
<td>Included groups:</td><td></td>
</tr><tr>
<td>Excluded groups:</td><td></td>
</tr>
</table><p/>
<small><i>(Hover the method name to see the test class name)</i></small><p/>
<table width='100%' border='1' class='invocation-failed'>
<tr><td colspan='4' align='center'><b>FAILED TESTS</b></td></tr>
<tr><td><b>Test method</b></td>
<td width="30%"><b>Exception</b></td>
<td width="10%"><b>Time (seconds)</b></td>
<td><b>Instance</b></td>
</tr>
<tr>
<td title='courses.SkillAcademy.checkPaymentPartnerWithEmi()'><b>checkPaymentPartnerWithEmi</b><br>Test class: courses.SkillAcademy</td>
<td><div><pre>java.lang.NullPointerException
	at courses.SkillAcademy.checkPaymentPartnerWithEmi(SkillAcademy.java:54)
	at java.base/java.util.ArrayList.forEach(ArrayList.java:1541)
... Removed 27 stack frames</pre></div><a href='#' onClick='toggleBox("stack-trace261184179", this, "Click to show all stack frames", "Click to hide stack frames")'>Click to show all stack frames</a>
<div class='stack-trace' id='stack-trace261184179'><pre>java.lang.NullPointerException
	at courses.SkillAcademy.checkPaymentPartnerWithEmi(SkillAcademy.java:54)
	at java.base/jdk.internal.reflect.NativeMethodAccessorImpl.invoke0(Native Method)
	at java.base/jdk.internal.reflect.NativeMethodAccessorImpl.invoke(NativeMethodAccessorImpl.java:62)
	at java.base/jdk.internal.reflect.DelegatingMethodAccessorImpl.invoke(DelegatingMethodAccessorImpl.java:43)
	at java.base/java.lang.reflect.Method.invoke(Method.java:566)
	at org.testng.internal.MethodInvocationHelper.invokeMethod(MethodInvocationHelper.java:133)
	at org.testng.internal.TestInvoker.invokeMethod(TestInvoker.java:598)
	at org.testng.internal.TestInvoker.invokeTestMethod(TestInvoker.java:173)
	at org.testng.internal.MethodRunner.runInSequence(MethodRunner.java:46)
	at org.testng.internal.TestInvoker$MethodInvocationAgent.invoke(TestInvoker.java:824)
	at org.testng.internal.TestInvoker.invokeTestMethods(TestInvoker.java:146)
	at org.testng.internal.TestMethodWorker.invokeTestMethods(TestMethodWorker.java:146)
	at org.testng.internal.TestMethodWorker.run(TestMethodWorker.java:128)
	at java.base/java.util.ArrayList.forEach(ArrayList.java:1541)
	at org.testng.TestRunner.privateRun(TestRunner.java:794)
	at org.testng.TestRunner.run(TestRunner.java:596)
	at org.testng.SuiteRunner.runTest(SuiteRunner.java:377)
	at org.testng.SuiteRunner.runSequentially(SuiteRunner.java:371)
	at org.testng.SuiteRunner.privateRun(SuiteRunner.java:332)
	at org.testng.SuiteRunner.run(SuiteRunner.java:276)
	at org.testng.SuiteRunnerWorker.runSuite(SuiteRunnerWorker.java:53)
	at org.testng.SuiteRunnerWorker.run(SuiteRunnerWorker.java:96)
	at org.testng.TestNG.runSuitesSequentially(TestNG.java:1212)
	at org.testng.TestNG.runSuitesLocally(TestNG.java:1134)
	at org.testng.TestNG.runSuites(TestNG.java:1063)
	at org.testng.TestNG.run(TestNG.java:1031)
	at org.testng.remote.AbstractRemoteTestNG.run(AbstractRemoteTestNG.java:115)
	at org.testng.remote.RemoteTestNG.initAndRun(RemoteTestNG.java:251)
	at org.testng.remote.RemoteTestNG.main(RemoteTestNG.java:77)
</pre></div></td>
<td>0</td>
<td>courses.SkillAcademy@6c130c45</td></tr>
<tr>
<td title='coupons.TbSelectCoupons.checkGlobalOrDynamicCoupon()'><b>checkGlobalOrDynamicCoupon</b><br>Test class: coupons.TbSelectCoupons</td>
<td><div><pre>java.lang.AssertionError: The following asserts failed:
	623ab87c7e911983460c1ffb expected [1799] but found [1260],
	623f1ef7f88870597a27f033 expected [399] but found [314],
	623d8994950b49ad99a3c703 expected [399] but found [314]
	at coupons.TbSelectCoupons.checkGlobalOrDynamicCoupon(TbSelectCoupons.java:273)
	at java.base/java.util.ArrayList.forEach(ArrayList.java:1541)
... Removed 29 stack frames</pre></div><a href='#' onClick='toggleBox("stack-trace1999201838", this, "Click to show all stack frames", "Click to hide stack frames")'>Click to show all stack frames</a>
<div class='stack-trace' id='stack-trace1999201838'><pre>java.lang.AssertionError: The following asserts failed:
	623ab87c7e911983460c1ffb expected [1799] but found [1260],
	623f1ef7f88870597a27f033 expected [399] but found [314],
	623d8994950b49ad99a3c703 expected [399] but found [314]
	at org.testng.asserts.SoftAssert.assertAll(SoftAssert.java:47)
	at org.testng.asserts.SoftAssert.assertAll(SoftAssert.java:31)
	at coupons.TbSelectCoupons.checkGlobalOrDynamicCoupon(TbSelectCoupons.java:273)
	at java.base/jdk.internal.reflect.NativeMethodAccessorImpl.invoke0(Native Method)
	at java.base/jdk.internal.reflect.NativeMethodAccessorImpl.invoke(NativeMethodAccessorImpl.java:62)
	at java.base/jdk.internal.reflect.DelegatingMethodAccessorImpl.invoke(DelegatingMethodAccessorImpl.java:43)
	at java.base/java.lang.reflect.Method.invoke(Method.java:566)
	at org.testng.internal.MethodInvocationHelper.invokeMethod(MethodInvocationHelper.java:133)
	at org.testng.internal.TestInvoker.invokeMethod(TestInvoker.java:598)
	at org.testng.internal.TestInvoker.invokeTestMethod(TestInvoker.java:173)
	at org.testng.internal.MethodRunner.runInSequence(MethodRunner.java:46)
	at org.testng.internal.TestInvoker$MethodInvocationAgent.invoke(TestInvoker.java:824)
	at org.testng.internal.TestInvoker.invokeTestMethods(TestInvoker.java:146)
	at org.testng.internal.TestMethodWorker.invokeTestMethods(TestMethodWorker.java:146)
	at org.testng.internal.TestMethodWorker.run(TestMethodWorker.java:128)
	at java.base/java.util.ArrayList.forEach(ArrayList.java:1541)
	at org.testng.TestRunner.privateRun(TestRunner.java:794)
	at org.testng.TestRunner.run(TestRunner.java:596)
	at org.testng.SuiteRunner.runTest(SuiteRunner.java:377)
	at org.testng.SuiteRunner.runSequentially(SuiteRunner.java:371)
	at org.testng.SuiteRunner.privateRun(SuiteRunner.java:332)
	at org.testng.SuiteRunner.run(SuiteRunner.java:276)
	at org.testng.SuiteRunnerWorker.runSuite(SuiteRunnerWorker.java:53)
	at org.testng.SuiteRunnerWorker.run(SuiteRunnerWorker.java:96)
	at org.testng.TestNG.runSuitesSequentially(TestNG.java:1212)
	at org.testng.TestNG.runSuitesLocally(TestNG.java:1134)
	at org.testng.TestNG.runSuites(TestNG.java:1063)
	at org.testng.TestNG.run(TestNG.java:1031)
	at org.testng.remote.AbstractRemoteTestNG.run(AbstractRemoteTestNG.java:115)
	at org.testng.remote.RemoteTestNG.initAndRun(RemoteTestNG.java:251)
	at org.testng.remote.RemoteTestNG.main(RemoteTestNG.java:77)
</pre></div></td>
<td>60</td>
<td>coupons.TbSelectCoupons@702b8b12</td></tr>
</table><p>
<table width='100%' border='1' class='invocation-passed'>
<tr><td colspan='4' align='center'><b>PASSED TESTS</b></td></tr>
<tr><td><b>Test method</b></td>
<td width="30%"><b>Exception</b></td>
<td width="10%"><b>Time (seconds)</b></td>
<td><b>Instance</b></td>
</tr>
<tr>
<td title='scholarship_tests.TestScholarship.getScholarshipTests()'><b>getScholarshipTests</b><br>Test class: scholarship_tests.TestScholarship</td>
<td></td>
<td>0</td>
<td>scholarship_tests.TestScholarship@50ad3bc1</td></tr>
<tr>
<td title='coupons.TbPassCoupons.checkPercentDiscountOnMonthlyPass()'><b>checkPercentDiscountOnMonthlyPass</b><br>Test class: coupons.TbPassCoupons<br/>
<a href="#Output-555582297" onClick='toggleBox("Output-555582297", this, "Show output", "Hide output");'>Show output</a>

<a href="#Output-555582297" onClick="toggleAllBoxes();">Show all outputs</a>
<div class='log' id="Output-555582297">
Discount applied on Monthly pass<br/>
</div>
</td>
<td></td>
<td>0</td>
<td>coupons.TbPassCoupons@6a84a97d</td></tr>
<tr>
<td title='scholarship_tests.TestScholarship.CheckSlugIsNotNull()'><b>CheckSlugIsNotNull</b><br>Test class: scholarship_tests.TestScholarship</td>
<td></td>
<td>0</td>
<td>scholarship_tests.TestScholarship@50ad3bc1</td></tr>
<tr>
<td title='coupons.TbPassCoupons.checkPercentDiscountCoupon()'><b>checkPercentDiscountCoupon</b><br>Test class: coupons.TbPassCoupons<br/>
<a href="#Output-1817780572" onClick='toggleBox("Output-1817780572", this, "Show output", "Hide output");'>Show output</a>

<a href="#Output-1817780572" onClick="toggleAllBoxes();">Show all outputs</a>
<div class='log' id="Output-1817780572">
% Discount coupon is working fine<br/>
</div>
</td>
<td></td>
<td>0</td>
<td>coupons.TbPassCoupons@6a84a97d</td></tr>
<tr>
<td title='courses.SkillAcademy.getProductId()'><b>getProductId</b><br>Test class: courses.SkillAcademy</td>
<td></td>
<td>0</td>
<td>courses.SkillAcademy@6c130c45</td></tr>
<tr>
<td title='coupons.TbSelectCoupons.getProductId()'><b>getProductId</b><br>Test class: coupons.TbSelectCoupons</td>
<td></td>
<td>7</td>
<td>coupons.TbSelectCoupons@702b8b12</td></tr>
<tr>
<td title='coupons.TbSelectCoupons.fullDiscountCoupon()'><b>fullDiscountCoupon</b><br>Test class: coupons.TbSelectCoupons<br/>
<a href="#Output-847995131" onClick='toggleBox("Output-847995131", this, "Show output", "Hide output");'>Show output</a>

<a href="#Output-847995131" onClick="toggleAllBoxes();">Show all outputs</a>
<div class='log' id="Output-847995131">
Full discount is applicable<br/>
</div>
</td>
<td></td>
<td>17</td>
<td>coupons.TbSelectCoupons@702b8b12</td></tr>
<tr>
<td title='coupons.TbSelectCoupons.checkPercentDiscountCoupon()'><b>checkPercentDiscountCoupon</b><br>Test class: coupons.TbSelectCoupons</td>
<td></td>
<td>20</td>
<td>coupons.TbSelectCoupons@702b8b12</td></tr>
<tr>
<td title='coupons.TbPassCoupons.fullDiscountCoupon()'><b>fullDiscountCoupon</b><br>Test class: coupons.TbPassCoupons<br/>
<a href="#Output-1710022975" onClick='toggleBox("Output-1710022975", this, "Show output", "Hide output");'>Show output</a>

<a href="#Output-1710022975" onClick="toggleAllBoxes();">Show all outputs</a>
<div class='log' id="Output-1710022975">
100% discount is applicable on all TB passes<br/>
</div>
</td>
<td></td>
<td>0</td>
<td>coupons.TbPassCoupons@6a84a97d</td></tr>
<tr>
<td title='coupons.TbPassCoupons.cashDiscountCoupon()'><b>cashDiscountCoupon</b><br>Test class: coupons.TbPassCoupons<br/>
<a href="#Output-2121097849" onClick='toggleBox("Output-2121097849", this, "Show output", "Hide output");'>Show output</a>

<a href="#Output-2121097849" onClick="toggleAllBoxes();">Show all outputs</a>
<div class='log' id="Output-2121097849">
Cash discount Coupon is working fine<br/>
</div>
</td>
<td></td>
<td>0</td>
<td>coupons.TbPassCoupons@6a84a97d</td></tr>
<tr>
<td title='coupons.TbSelectCoupons.checkCashDiscountCoupon()'><b>checkCashDiscountCoupon</b><br>Test class: coupons.TbSelectCoupons</td>
<td></td>
<td>20</td>
<td>coupons.TbSelectCoupons@702b8b12</td></tr>
<tr>
<td title='coupons.TbPassCoupons.checkUseLimit()'><b>checkUseLimit</b><br>Test class: coupons.TbPassCoupons<br/>
<a href="#Output-1529699256" onClick='toggleBox("Output-1529699256", this, "Show output", "Hide output");'>Show output</a>

<a href="#Output-1529699256" onClick="toggleAllBoxes();">Show all outputs</a>
<div class='log' id="Output-1529699256">
Use limit is applied<br/>
</div>
</td>
<td></td>
<td>0</td>
<td>coupons.TbPassCoupons@6a84a97d</td></tr>
<tr>
<td title='coupons.TbSelectCoupons.checkUseLimit()'><b>checkUseLimit</b><br>Test class: coupons.TbSelectCoupons</td>
<td></td>
<td>19</td>
<td>coupons.TbSelectCoupons@702b8b12</td></tr>
<tr>
<td title='scholarship_tests.TestScholarship.scholarshipTestAvailable()'><b>scholarshipTestAvailable</b><br>Test class: scholarship_tests.TestScholarship</td>
<td></td>
<td>0</td>
<td>scholarship_tests.TestScholarship@50ad3bc1</td></tr>
<tr>
<td title='scholarship_tests.TestScholarship.scholarshipTestStatusCode()'><b>scholarshipTestStatusCode</b><br>Test class: scholarship_tests.TestScholarship</td>
<td></td>
<td>0</td>
<td>scholarship_tests.TestScholarship@50ad3bc1</td></tr>
<tr>
<td title='coupons.TbPassCoupons.checkGlobalCoupon()'><b>checkGlobalCoupon</b><br>Test class: coupons.TbPassCoupons</td>
<td></td>
<td>0</td>
<td>coupons.TbPassCoupons@6a84a97d</td></tr>
<tr>
<td title='coupons.TbPassCoupons.checkMinValue()'><b>checkMinValue</b><br>Test class: coupons.TbPassCoupons<br/>
<a href="#Output-343488288" onClick='toggleBox("Output-343488288", this, "Show output", "Hide output");'>Show output</a>

<a href="#Output-343488288" onClick="toggleAllBoxes();">Show all outputs</a>
<div class='log' id="Output-343488288">
Min Value validated for all TB passes<br/>
</div>
</td>
<td></td>
<td>0</td>
<td>coupons.TbPassCoupons@6a84a97d</td></tr>
<tr>
<td title='scholarship_tests.TestScholarship.scholarshipTestSuccess()'><b>scholarshipTestSuccess</b><br>Test class: scholarship_tests.TestScholarship</td>
<td></td>
<td>0</td>
<td>scholarship_tests.TestScholarship@50ad3bc1</td></tr>
</table><p>
</body>
</html>